<?xml version="1.0" encoding="UTF-8"?>
<!-- Generated by org.testng.reporters.JUnitReportReporter -->
<testsuite hostname="ABYSS" failures="0" tests="1" name="bongo.com.codetest.BioScopeLive" time="62.716" errors="0" timestamp="2021-11-05T01:44:33 BDT" skipped="0">
  <testcase classname="bongo.com.codetest.BioScopeLive" name="BongoCodeTest" time="62.716"/>
  <system-out/>
</testsuite> <!-- bongo.com.codetest.BioScopeLive -->
